<?xml version="1.0" encoding="UTF-8"?>
<!-- Generated by org.testng.reporters.JUnitXMLReporter -->
<testsuite ignored="6" hostname="Enthrall_IT" failures="0" tests="1" name="Default test" time="5.474" errors="0" timestamp="2024-02-18T21:54:00 EST">
  <testcase classname="pages.HomePageTest" name="clickForgotUserIdTest" time="0.08"/>
  <testcase classname="pages.HomePageTest" name="clickLogoTest" time="0.0">
    <ignored/>
  </testcase> <!-- clickLogoTest -->
  <testcase classname="pages.HomePageTest" name="clickUserIdFieldTest" time="0.0">
    <ignored/>
  </testcase> <!-- clickUserIdFieldTest -->
  <testcase classname="pages.HomePageTest" name="clickPasswordFieldTest" time="0.0">
    <ignored/>
  </testcase> <!-- clickPasswordFieldTest -->
  <testcase classname="pages.HomePageTest" name="clickNewUserRegistrationTest" time="0.0">
    <ignored/>
  </testcase> <!-- clickNewUserRegistrationTest -->
  <testcase classname="pages.HomePageTest" name="clickLoginButtonTest" time="0.0">
    <ignored/>
  </testcase> <!-- clickLoginButtonTest -->
  <testcase classname="pages.HomePageTest" name="clickWrongNewUserRegistrationTest" time="0.0">
    <ignored/>
  </testcase> <!-- clickWrongNewUserRegistrationTest -->
</testsuite> <!-- Default test -->
