<?xml version="1.0" encoding="UTF-8"?>
<testng-results ignored="6" total="7" passed="1" failed="0" skipped="0">
  <reporter-output>
  </reporter-output>
  <suite started-at="2024-02-18T21:53:55 EST" name="Default suite" finished-at="2024-02-18T21:54:00 EST" duration-ms="5474">
    <groups>
    </groups>
    <test started-at="2024-02-18T21:53:55 EST" name="Default test" finished-at="2024-02-18T21:54:00 EST" duration-ms="5474">
      <class name="pages.HomePageTest">
        <test-method is-config="true" signature="setUp()[pri:0, instance:pages.HomePageTest@4738a206]" started-at="2024-02-18T21:53:55 EST" name="setUp" finished-at="2024-02-18T21:54:00 EST" duration-ms="5232" status="PASS">
          <reporter-output>
          </reporter-output>
        </test-method> <!-- setUp -->
        <test-method signature="clickForgotUserIdTest()[pri:0, instance:pages.HomePageTest@4738a206]" started-at="2024-02-18T21:54:00 EST" name="clickForgotUserIdTest" finished-at="2024-02-18T21:54:00 EST" duration-ms="80" status="PASS">
          <reporter-output>
          </reporter-output>
        </test-method> <!-- clickForgotUserIdTest -->
        <test-method is-config="true" signature="tearUp()[pri:0, instance:pages.HomePageTest@4738a206]" started-at="2024-02-18T21:54:00 EST" name="tearUp" finished-at="2024-02-18T21:54:00 EST" duration-ms="134" status="PASS">
          <reporter-output>
          </reporter-output>
        </test-method> <!-- tearUp -->
      </class> <!-- pages.HomePageTest -->
    </test> <!-- Default test -->
  </suite> <!-- Default suite -->
</testng-results>
